#
# There is insufficient memory for the Java Runtime Environment to continue.
# Native memory allocation (malloc) failed to allocate 536176 bytes for Chunk::new
# Possible reasons:
#   The system is out of physical RAM or swap space
#   The process is running with CompressedOops enabled, and the Java Heap may be blocking the growth of the native heap
# Possible solutions:
#   Reduce memory load on the system
#   Increase physical memory or swap space
#   Check if swap backing store is full
#   Decrease Java heap size (-Xmx/-Xms)
#   Decrease number of Java threads
#   Decrease Java thread stack sizes (-Xss)
#   Set larger code cache with -XX:ReservedCodeCacheSize=
#   JVM is running with Unscaled Compressed Oops mode in which the Java heap is
#     placed in the first 4GB address space. The Java Heap base address is the
#     maximum limit for the native heap growth. Please use -XX:HeapBaseMinAddress
#     to set the Java Heap base and to place the Java Heap above 4GB virtual address.
# This output file may be truncated or incomplete.
#
#  Out of Memory Error (allocation.cpp:389), pid=60472, tid=0x000000000000d038
#
# JRE version: Java(TM) SE Runtime Environment (8.0_202-b08) (build 1.8.0_202-b08)
# Java VM: Java HotSpot(TM) 64-Bit Server VM (25.202-b08 mixed mode windows-amd64 compressed oops)
# Failed to write core dump. Minidumps are not enabled by default on client versions of Windows
#

---------------  T H R E A D  ---------------

Current thread (0x0000000019140800):  JavaThread "C2 CompilerThread0" daemon [_thread_in_native, id=53304, stack(0x00000000197d0000,0x00000000198d0000)]

Stack: [0x00000000197d0000,0x00000000198d0000]
[error occurred during error reporting (printing stack bounds), id 0xc0000005]

Native frames: (J=compiled Java code, j=interpreted, Vv=VM code, C=native code)


Current CompileTask:
C2:   3535 2261   !   4       org.codehaus.plexus.interpolation.StringSearchInterpolator::interpolate (650 bytes)


---------------  P R O C E S S  ---------------

Java Threads: ( => current thread )
  0x00000000191ac000 JavaThread "Service Thread" daemon [_thread_blocked, id=59600, stack(0x0000000019ad0000,0x0000000019bd0000)]
  0x0000000019144800 JavaThread "C1 CompilerThread2" daemon [_thread_in_vm, id=4864, stack(0x00000000199d0000,0x0000000019ad0000)]
  0x0000000019142800 JavaThread "C2 CompilerThread1" daemon [_thread_in_native, id=61184, stack(0x00000000198d0000,0x00000000199d0000)]
=>0x0000000019140800 JavaThread "C2 CompilerThread0" daemon [_thread_in_native, id=53304, stack(0x00000000197d0000,0x00000000198d0000)]
  0x0000000019135800 JavaThread "Monitor Ctrl-Break" daemon [_thread_in_native, id=60840, stack(0x00000000196d0000,0x00000000197d0000)]
  0x000000001911b800 JavaThread "Attach Listener" daemon [_thread_blocked, id=60236, stack(0x00000000195d0000,0x00000000196d0000)]
  0x000000001770e000 JavaThread "Signal Dispatcher" daemon [_thread_blocked, id=51272, stack(0x00000000194d0000,0x00000000195d0000)]
  0x000000000294c000 JavaThread "Finalizer" daemon [_thread_blocked, id=61416, stack(0x0000000018f70000,0x0000000019070000)]
  0x00000000176dc000 JavaThread "Reference Handler" daemon [_thread_blocked, id=34036, stack(0x0000000018e70000,0x0000000018f70000)]
  0x0000000002852800 JavaThread "main" [_thread_in_Java, id=60580, stack(0x0000000002600000,0x0000000002700000)]

Other Threads:
  0x00000000176b7800 VMThread [stack: 0x0000000018d70000,0x0000000018e70000] [id=61240]
  0x00000000191ce800 WatcherThread [stack: 0x0000000019bd0000,0x0000000019cd0000] [id=59216]

VM state:not at safepoint (normal execution)

VM Mutex/Monitor currently owned by a thread: None

heap address: 0x0000000081600000, size: 2026 MB, Compressed Oops mode: 32-bit
Narrow klass base: 0x0000000000000000, Narrow klass shift: 3
Compressed class space size: 1073741824 Address: 0x0000000100000000

Heap:
 PSYoungGen      total 38400K, used 36283K [0x00000000d5d00000, 0x00000000db300000, 0x0000000100000000)
  eden space 33280K, 93% used [0x00000000d5d00000,0x00000000d7b74e40,0x00000000d7d80000)
  from space 5120K, 99% used [0x00000000d7d80000,0x00000000d827a040,0x00000000d8280000)
  to   space 10752K, 0% used [0x00000000da880000,0x00000000da880000,0x00000000db300000)
 ParOldGen       total 87552K, used 11882K [0x0000000081600000, 0x0000000086b80000, 0x00000000d5d00000)
  object space 87552K, 13% used [0x0000000081600000,0x000000008219a8e0,0x0000000086b80000)
 Metaspace       used 15975K, capacity 16304K, committed 16384K, reserved 1062912K
  class space    used 1918K, capacity 2018K, committed 2048K, reserved 1048576K

Card table byte_map: [0x0000000011d10000,0x0000000012110000] byte_map_base: 0x0000000011905000

Marking Bits: (ParMarkBitMap*) 0x000000005c7d5ce0
 Begin Bits: [0x00000000129c0000, 0x0000000014968000)
 End Bits:   [0x0000000014968000, 0x0000000016910000)

Polling page: 0x0000000002220000

CodeCache: size=245760Kb used=8032Kb max_used=8032Kb free=237727Kb
 bounds [0x0000000002950000, 0x0000000003130000, 0x0000000011950000]
 total_blobs=2913 nmethods=2541 adapters=284
 compilation: enabled

Compilation events (10 events):
Event: 3.519 Thread 0x0000000019144800 nmethod 2531 0x0000000003115c50 code [0x0000000003115da0, 0x0000000003115f50]
Event: 3.519 Thread 0x0000000019144800 2528       3       org.apache.maven.repository.internal.DefaultModelCache$Key::<init> (96 bytes)
Event: 3.520 Thread 0x0000000019142800 nmethod 2526 0x000000000311e790 code [0x000000000311e900, 0x000000000311ef38]
Event: 3.520 Thread 0x0000000019142800 2529       4       org.apache.maven.model.io.xpp3.MavenXpp3Reader::checkFieldWithDuplicate (75 bytes)
Event: 3.522 Thread 0x0000000019142800 nmethod 2529 0x0000000003113f10 code [0x0000000003114080, 0x00000000031144a8]
Event: 3.522 Thread 0x0000000019142800 2532  s    4       java.util.Vector::elementAt (48 bytes)
Event: 3.523 Thread 0x0000000019142800 nmethod 2532 0x0000000003119010 code [0x0000000003119160, 0x00000000031193d8]
Event: 3.523 Thread 0x0000000019142800 2533  s    4       java.util.Vector::removeElementAt (115 bytes)
Event: 3.524 Thread 0x0000000019142800 nmethod 2533 0x0000000003116a10 code [0x0000000003116b60, 0x0000000003116e18]
Event: 3.524 Thread 0x0000000019142800 2254       4       java.util.Arrays::copyOf (46 bytes)

GC Heap History (10 events):
Event: 1.841 GC heap before
{Heap before GC invocations=1 (full 0):
 PSYoungGen      total 38400K, used 33280K [0x00000000d5d00000, 0x00000000d8780000, 0x0000000100000000)
  eden space 33280K, 100% used [0x00000000d5d00000,0x00000000d7d80000,0x00000000d7d80000)
  from space 5120K, 0% used [0x00000000d8280000,0x00000000d8280000,0x00000000d8780000)
  to   space 5120K, 0% used [0x00000000d7d80000,0x00000000d7d80000,0x00000000d8280000)
 ParOldGen       total 87552K, used 0K [0x0000000081600000, 0x0000000086b80000, 0x00000000d5d00000)
  object space 87552K, 0% used [0x0000000081600000,0x0000000081600000,0x0000000086b80000)
 Metaspace       used 8794K, capacity 9032K, committed 9088K, reserved 1056768K
  class space    used 1046K, capacity 1116K, committed 1152K, reserved 1048576K
Event: 1.859 GC heap after
Heap after GC invocations=1 (full 0):
 PSYoungGen      total 38400K, used 5094K [0x00000000d5d00000, 0x00000000d8780000, 0x0000000100000000)
  eden space 33280K, 0% used [0x00000000d5d00000,0x00000000d5d00000,0x00000000d7d80000)
  from space 5120K, 99% used [0x00000000d7d80000,0x00000000d8279ba0,0x00000000d8280000)
  to   space 5120K, 0% used [0x00000000d8280000,0x00000000d8280000,0x00000000d8780000)
 ParOldGen       total 87552K, used 181K [0x0000000081600000, 0x0000000086b80000, 0x00000000d5d00000)
  object space 87552K, 0% used [0x0000000081600000,0x000000008162d738,0x0000000086b80000)
 Metaspace       used 8794K, capacity 9032K, committed 9088K, reserved 1056768K
  class space    used 1046K, capacity 1116K, committed 1152K, reserved 1048576K
}
Event: 2.227 GC heap before
{Heap before GC invocations=2 (full 0):
 PSYoungGen      total 38400K, used 38374K [0x00000000d5d00000, 0x00000000d8780000, 0x0000000100000000)
  eden space 33280K, 100% used [0x00000000d5d00000,0x00000000d7d80000,0x00000000d7d80000)
  from space 5120K, 99% used [0x00000000d7d80000,0x00000000d8279ba0,0x00000000d8280000)
  to   space 5120K, 0% used [0x00000000d8280000,0x00000000d8280000,0x00000000d8780000)
 ParOldGen       total 87552K, used 181K [0x0000000081600000, 0x0000000086b80000, 0x00000000d5d00000)
  object space 87552K, 0% used [0x0000000081600000,0x000000008162d738,0x0000000086b80000)
 Metaspace       used 11633K, capacity 11882K, committed 12032K, reserved 1060864K
  class space    used 1419K, capacity 1511K, committed 1536K, reserved 1048576K
Event: 2.238 GC heap after
Heap after GC invocations=2 (full 0):
 PSYoungGen      total 38400K, used 5106K [0x00000000d5d00000, 0x00000000d8780000, 0x0000000100000000)
  eden space 33280K, 0% used [0x00000000d5d00000,0x00000000d5d00000,0x00000000d7d80000)
  from space 5120K, 99% used [0x00000000d8280000,0x00000000d877cbc8,0x00000000d8780000)
  to   space 5120K, 0% used [0x00000000d7d80000,0x00000000d7d80000,0x00000000d8280000)
 ParOldGen       total 87552K, used 1479K [0x0000000081600000, 0x0000000086b80000, 0x00000000d5d00000)
  object space 87552K, 1% used [0x0000000081600000,0x0000000081771c60,0x0000000086b80000)
 Metaspace       used 11633K, capacity 11882K, committed 12032K, reserved 1060864K
  class space    used 1419K, capacity 1511K, committed 1536K, reserved 1048576K
}
Event: 2.829 GC heap before
{Heap before GC invocations=3 (full 0):
 PSYoungGen      total 38400K, used 38386K [0x00000000d5d00000, 0x00000000d8780000, 0x0000000100000000)
  eden space 33280K, 100% used [0x00000000d5d00000,0x00000000d7d80000,0x00000000d7d80000)
  from space 5120K, 99% used [0x00000000d8280000,0x00000000d877cbc8,0x00000000d8780000)
  to   space 5120K, 0% used [0x00000000d7d80000,0x00000000d7d80000,0x00000000d8280000)
 ParOldGen       total 87552K, used 1479K [0x0000000081600000, 0x0000000086b80000, 0x00000000d5d00000)
  object space 87552K, 1% used [0x0000000081600000,0x0000000081771c60,0x0000000086b80000)
 Metaspace       used 15196K, capacity 15542K, committed 15872K, reserved 1062912K
  class space    used 1871K, capacity 1971K, committed 2048K, reserved 1048576K
Event: 2.924 GC heap after
Heap after GC invocations=3 (full 0):
 PSYoungGen      total 38400K, used 5112K [0x00000000d5d00000, 0x00000000d8780000, 0x0000000100000000)
  eden space 33280K, 0% used [0x00000000d5d00000,0x00000000d5d00000,0x00000000d7d80000)
  from space 5120K, 99% used [0x00000000d7d80000,0x00000000d827e050,0x00000000d8280000)
  to   space 5120K, 0% used [0x00000000d8280000,0x00000000d8280000,0x00000000d8780000)
 ParOldGen       total 87552K, used 4639K [0x0000000081600000, 0x0000000086b80000, 0x00000000d5d00000)
  object space 87552K, 5% used [0x0000000081600000,0x0000000081a87ff8,0x0000000086b80000)
 Metaspace       used 15196K, capacity 15542K, committed 15872K, reserved 1062912K
  class space    used 1871K, capacity 1971K, committed 2048K, reserved 1048576K
}
Event: 3.139 GC heap before
{Heap before GC invocations=4 (full 0):
 PSYoungGen      total 38400K, used 38392K [0x00000000d5d00000, 0x00000000d8780000, 0x0000000100000000)
  eden space 33280K, 100% used [0x00000000d5d00000,0x00000000d7d80000,0x00000000d7d80000)
  from space 5120K, 99% used [0x00000000d7d80000,0x00000000d827e050,0x00000000d8280000)
  to   space 5120K, 0% used [0x00000000d8280000,0x00000000d8280000,0x00000000d8780000)
 ParOldGen       total 87552K, used 4639K [0x0000000081600000, 0x0000000086b80000, 0x00000000d5d00000)
  object space 87552K, 5% used [0x0000000081600000,0x0000000081a87ff8,0x0000000086b80000)
 Metaspace       used 15668K, capacity 16058K, committed 16384K, reserved 1062912K
  class space    used 1900K, capacity 2009K, committed 2048K, reserved 1048576K
Event: 3.161 GC heap after
Heap after GC invocations=4 (full 0):
 PSYoungGen      total 38400K, used 5096K [0x00000000d5d00000, 0x00000000d8780000, 0x0000000100000000)
  eden space 33280K, 0% used [0x00000000d5d00000,0x00000000d5d00000,0x00000000d7d80000)
  from space 5120K, 99% used [0x00000000d8280000,0x00000000d877a040,0x00000000d8780000)
  to   space 5120K, 0% used [0x00000000d7d80000,0x00000000d7d80000,0x00000000d8280000)
 ParOldGen       total 87552K, used 8059K [0x0000000081600000, 0x0000000086b80000, 0x00000000d5d00000)
  object space 87552K, 9% used [0x0000000081600000,0x0000000081dded90,0x0000000086b80000)
 Metaspace       used 15668K, capacity 16058K, committed 16384K, reserved 1062912K
  class space    used 1900K, capacity 2009K, committed 2048K, reserved 1048576K
}
Event: 3.323 GC heap before
{Heap before GC invocations=5 (full 0):
 PSYoungGen      total 38400K, used 38376K [0x00000000d5d00000, 0x00000000d8780000, 0x0000000100000000)
  eden space 33280K, 100% used [0x00000000d5d00000,0x00000000d7d80000,0x00000000d7d80000)
  from space 5120K, 99% used [0x00000000d8280000,0x00000000d877a040,0x00000000d8780000)
  to   space 5120K, 0% used [0x00000000d7d80000,0x00000000d7d80000,0x00000000d8280000)
 ParOldGen       total 87552K, used 8059K [0x0000000081600000, 0x0000000086b80000, 0x00000000d5d00000)
  object space 87552K, 9% used [0x0000000081600000,0x0000000081dded90,0x0000000086b80000)
 Metaspace       used 15858K, capacity 16216K, committed 16384K, reserved 1062912K
  class space    used 1915K, capacity 2014K, committed 2048K, reserved 1048576K
Event: 3.394 GC heap after
Heap after GC invocations=5 (full 0):
 PSYoungGen      total 38400K, used 5096K [0x00000000d5d00000, 0x00000000db300000, 0x0000000100000000)
  eden space 33280K, 0% used [0x00000000d5d00000,0x00000000d5d00000,0x00000000d7d80000)
  from space 5120K, 99% used [0x00000000d7d80000,0x00000000d827a040,0x00000000d8280000)
  to   space 10752K, 0% used [0x00000000da880000,0x00000000da880000,0x00000000db300000)
 ParOldGen       total 87552K, used 11882K [0x0000000081600000, 0x0000000086b80000, 0x00000000d5d00000)
  object space 87552K, 13% used [0x0000000081600000,0x000000008219a8e0,0x0000000086b80000)
 Metaspace       used 15858K, capacity 16216K, committed 16384K, reserved 1062912K
  class space    used 1915K, capacity 2014K, committed 2048K, reserved 1048576K
}

Deoptimization events (10 events):
Event: 3.403 Thread 0x0000000002852800 Uncommon trap: reason=class_check action=maybe_recompile pc=0x000000000306f864 method=org.codehaus.plexus.interpolation.MapBasedValueSource.getValue(Ljava/lang/String;)Ljava/lang/Object; @ 16
Event: 3.403 Thread 0x0000000002852800 Uncommon trap: reason=class_check action=maybe_recompile pc=0x000000000306f864 method=org.codehaus.plexus.interpolation.MapBasedValueSource.getValue(Ljava/lang/String;)Ljava/lang/Object; @ 16
Event: 3.403 Thread 0x0000000002852800 Uncommon trap: reason=class_check action=maybe_recompile pc=0x000000000306f864 method=org.codehaus.plexus.interpolation.MapBasedValueSource.getValue(Ljava/lang/String;)Ljava/lang/Object; @ 16
Event: 3.404 Thread 0x0000000002852800 Uncommon trap: reason=class_check action=maybe_recompile pc=0x000000000301e1f0 method=org.apache.maven.model.interpolation.StringSearchModelInterpolator$InterpolateObjectAction$MapField.doInterpolate(Ljava/lang/Object;Lorg/apache/maven/model/interpolation
Event: 3.429 Thread 0x0000000002852800 Uncommon trap: reason=bimorphic action=maybe_recompile pc=0x0000000002f43250 method=java.util.concurrent.ConcurrentHashMap.get(Ljava/lang/Object;)Ljava/lang/Object; @ 149
Event: 3.436 Thread 0x0000000002852800 Uncommon trap: reason=bimorphic action=maybe_recompile pc=0x0000000002f43250 method=java.util.concurrent.ConcurrentHashMap.get(Ljava/lang/Object;)Ljava/lang/Object; @ 149
Event: 3.441 Thread 0x0000000002852800 Uncommon trap: reason=bimorphic action=maybe_recompile pc=0x0000000002f43250 method=java.util.concurrent.ConcurrentHashMap.get(Ljava/lang/Object;)Ljava/lang/Object; @ 149
Event: 3.447 Thread 0x0000000002852800 Uncommon trap: reason=bimorphic action=maybe_recompile pc=0x0000000002f43250 method=java.util.concurrent.ConcurrentHashMap.get(Ljava/lang/Object;)Ljava/lang/Object; @ 149
Event: 3.516 Thread 0x0000000002852800 Uncommon trap: reason=null_check action=make_not_entrant pc=0x000000000311651c method=org.apache.maven.model.io.xpp3.MavenXpp3Reader.checkFieldWithDuplicate(Lorg/codehaus/plexus/util/xml/pull/XmlPullParser;Ljava/lang/String;Ljava/lang/String;Ljava/util/Se
Event: 3.524 Thread 0x0000000002852800 Uncommon trap: reason=unstable_if action=reinterpret pc=0x0000000002f063a8 method=org.codehaus.plexus.util.xml.pull.MXParser.isS(C)Z @ 21

Classes redefined (0 events):
No events

Internal exceptions (10 events):
Event: 1.987 Thread 0x0000000002852800 Exception <a 'java/lang/ArrayIndexOutOfBoundsException': 85> (0x00000000d6abedd8) thrown at [C:\re\workspace\8-2-build-windows-amd64-cygwin\jdk8u202\12323\hotspot\src\share\vm\interpreter\interpreterRuntime.cpp, line 368]
Event: 1.987 Thread 0x0000000002852800 Exception <a 'java/lang/ArrayIndexOutOfBoundsException': 40> (0x00000000d6abfc58) thrown at [C:\re\workspace\8-2-build-windows-amd64-cygwin\jdk8u202\12323\hotspot\src\share\vm\interpreter\interpreterRuntime.cpp, line 368]
Event: 2.520 Thread 0x0000000002852800 Exception <a 'java/lang/NoClassDefFoundError': com/google/inject/servlet/ServletModuleTargetVisitor> (0x00000000d6e5a1f0) thrown at [C:\re\workspace\8-2-build-windows-amd64-cygwin\jdk8u202\12323\hotspot\src\share\vm\classfile\systemDictionary.cpp, line 19
Event: 2.520 Thread 0x0000000002852800 Exception <a 'java/lang/NoClassDefFoundError'> (0x00000000d6e5a1f0) thrown at [C:\re\workspace\8-2-build-windows-amd64-cygwin\jdk8u202\12323\hotspot\src\share\vm\prims\jvm.cpp, line 1506]
Event: 2.521 Thread 0x0000000002852800 Exception <a 'java/lang/NoClassDefFoundError': javax/annotation/Priority> (0x00000000d6e5f040) thrown at [C:\re\workspace\8-2-build-windows-amd64-cygwin\jdk8u202\12323\hotspot\src\share\vm\classfile\systemDictionary.cpp, line 199]
Event: 2.643 Thread 0x0000000002852800 Implicit null exception at 0x0000000002b0b7d8 to 0x0000000002b0b991
Event: 2.746 Thread 0x0000000002852800 Implicit null exception at 0x0000000002bd1316 to 0x0000000002bd16a9
Event: 2.746 Thread 0x0000000002852800 Implicit null exception at 0x0000000002b33a56 to 0x0000000002b33de9
Event: 3.170 Thread 0x0000000002852800 Implicit null exception at 0x0000000002cf6055 to 0x0000000002cf6225
Event: 3.516 Thread 0x0000000002852800 Implicit null exception at 0x00000000031162b7 to 0x0000000003116501

Events (10 events):
Event: 3.459 loading class org/eclipse/aether/util/graph/selector/ExclusionDependencySelector$ExclusionComparator
Event: 3.459 loading class org/eclipse/aether/util/graph/selector/ExclusionDependencySelector$ExclusionComparator done
Event: 3.516 Thread 0x0000000002852800 Uncommon trap: trap_request=0xfffffff4 fr.pc=0x000000000311651c
Event: 3.516 Thread 0x0000000002852800 DEOPT PACKING pc=0x000000000311651c sp=0x00000000026fccd0
Event: 3.516 Thread 0x0000000002852800 DEOPT UNPACKING pc=0x000000000299583b sp=0x00000000026fcc90 mode 2
Event: 3.519 Thread 0x0000000002852800 DEOPT PACKING pc=0x0000000002f68e01 sp=0x00000000026fcd30
Event: 3.519 Thread 0x0000000002852800 DEOPT UNPACKING pc=0x0000000002997890 sp=0x00000000026fca80 mode 0
Event: 3.524 Thread 0x0000000002852800 Uncommon trap: trap_request=0xffffff65 fr.pc=0x0000000002f063a8
Event: 3.524 Thread 0x0000000002852800 DEOPT PACKING pc=0x0000000002f063a8 sp=0x00000000026fc780
Event: 3.524 Thread 0x0000000002852800 DEOPT UNPACKING pc=0x000000000299583b sp=0x00000000026fc6e8 mode 2


Dynamic libraries:
0x00007ff604610000 - 0x00007ff604647000 	D:\java\jdk1.8.0_202\bin\java.exe
0x00007ff925b00000 - 0x00007ff925cf0000 	C:\Windows\SYSTEM32\ntdll.dll
0x00007ff9247c0000 - 0x00007ff924872000 	C:\Windows\System32\KERNEL32.DLL
0x00007ff923480000 - 0x00007ff923723000 	C:\Windows\System32\KERNELBASE.dll
0x00007ff924340000 - 0x00007ff9243e3000 	C:\Windows\System32\ADVAPI32.dll
0x00007ff924400000 - 0x00007ff92449e000 	C:\Windows\System32\msvcrt.dll
0x00007ff923bc0000 - 0x00007ff923c57000 	C:\Windows\System32\sechost.dll
0x00007ff9246a0000 - 0x00007ff9247c0000 	C:\Windows\System32\RPCRT4.dll
0x00007ff924500000 - 0x00007ff924693000 	C:\Windows\System32\USER32.dll
0x00007ff923450000 - 0x00007ff923471000 	C:\Windows\System32\win32u.dll
0x00007ff925040000 - 0x00007ff925066000 	C:\Windows\System32\GDI32.dll
0x00007ff923210000 - 0x00007ff9233a4000 	C:\Windows\System32\gdi32full.dll
0x00007ff9233b0000 - 0x00007ff92344e000 	C:\Windows\System32\msvcp_win.dll
0x00007ff923900000 - 0x00007ff9239fa000 	C:\Windows\System32\ucrtbase.dll
0x00007ff906240000 - 0x00007ff9064c5000 	C:\Windows\WinSxS\amd64_microsoft.windows.common-controls_6595b64144ccf1df_6.0.18362.207_none_e6c5ae95130e4267\COMCTL32.dll
0x00007ff925780000 - 0x00007ff925ab6000 	C:\Windows\System32\combase.dll
0x00007ff923a80000 - 0x00007ff923b01000 	C:\Windows\System32\bcryptPrimitives.dll
0x00007ff924f90000 - 0x00007ff924fbe000 	C:\Windows\System32\IMM32.DLL
0x000000005d3e0000 - 0x000000005d4b2000 	D:\java\jdk1.8.0_202\jre\bin\msvcr100.dll
0x000000005bfb0000 - 0x000000005c855000 	D:\java\jdk1.8.0_202\jre\bin\server\jvm.dll
0x00007ff9254c0000 - 0x00007ff9254c8000 	C:\Windows\System32\PSAPI.DLL
0x00007ff91dcd0000 - 0x00007ff91dcd9000 	C:\Windows\SYSTEM32\WSOCK32.dll
0x00007ff924f20000 - 0x00007ff924f8f000 	C:\Windows\System32\WS2_32.dll
0x00007ff91c170000 - 0x00007ff91c17a000 	C:\Windows\SYSTEM32\VERSION.dll
0x00007ff918150000 - 0x00007ff918174000 	C:\Windows\SYSTEM32\WINMM.dll
0x00007ff917f70000 - 0x00007ff917f9d000 	C:\Windows\SYSTEM32\winmmbase.dll
0x00007ff923a00000 - 0x00007ff923a4a000 	C:\Windows\System32\cfgmgr32.dll
0x00007ff91d960000 - 0x00007ff91d96f000 	D:\java\jdk1.8.0_202\jre\bin\verify.dll
0x00007ff91d860000 - 0x00007ff91d889000 	D:\java\jdk1.8.0_202\jre\bin\java.dll
0x00007ff91b0e0000 - 0x00007ff91b103000 	D:\java\jdk1.8.0_202\jre\bin\instrument.dll
0x00007ff91d930000 - 0x00007ff91d946000 	D:\java\jdk1.8.0_202\jre\bin\zip.dll
0x00007ff923c60000 - 0x00007ff924340000 	C:\Windows\System32\SHELL32.dll
0x00007ff925260000 - 0x00007ff925309000 	C:\Windows\System32\shcore.dll
0x00007ff922a90000 - 0x00007ff92320b000 	C:\Windows\System32\windows.storage.dll
0x00007ff922a50000 - 0x00007ff922a6f000 	C:\Windows\System32\profapi.dll
0x00007ff922a00000 - 0x00007ff922a4a000 	C:\Windows\System32\powrprof.dll
0x00007ff9229d0000 - 0x00007ff9229e0000 	C:\Windows\System32\UMPDC.dll
0x00007ff924fe0000 - 0x00007ff925032000 	C:\Windows\System32\shlwapi.dll
0x00007ff9229e0000 - 0x00007ff9229f1000 	C:\Windows\System32\kernel.appcore.dll
0x00007ff923880000 - 0x00007ff923897000 	C:\Windows\System32\cryptsp.dll
0x00007ff91c100000 - 0x00007ff91c11a000 	D:\Software\IntelliJ IDEA 2019.1.3\bin\breakgen64.dll
0x00007ff91d840000 - 0x00007ff91d85a000 	D:\java\jdk1.8.0_202\jre\bin\net.dll
0x00007ff91ab50000 - 0x00007ff91ad26000 	C:\Windows\SYSTEM32\urlmon.dll
0x00007ff9185c0000 - 0x00007ff918866000 	C:\Windows\SYSTEM32\iertutil.dll
0x00007ff922410000 - 0x00007ff92241c000 	C:\Windows\SYSTEM32\CRYPTBASE.DLL
0x00007ff922240000 - 0x00007ff9222a7000 	C:\Windows\system32\mswsock.dll
0x00007ff921e00000 - 0x00007ff921e33000 	C:\Windows\system32\rsaenh.dll
0x00007ff923a50000 - 0x00007ff923a76000 	C:\Windows\System32\bcrypt.dll
0x00007ff9228f0000 - 0x00007ff922915000 	C:\Windows\SYSTEM32\USERENV.dll
0x00007ff921fa0000 - 0x00007ff921fda000 	C:\Windows\SYSTEM32\IPHLPAPI.DLL
0x00007ff9243f0000 - 0x00007ff9243f8000 	C:\Windows\System32\NSI.dll
0x00007ff91cd20000 - 0x00007ff91cd36000 	C:\Windows\SYSTEM32\dhcpcsvc6.DLL
0x00007ff91d5b0000 - 0x00007ff91d5cc000 	C:\Windows\SYSTEM32\dhcpcsvc.DLL
0x00007ff921fe0000 - 0x00007ff9220aa000 	C:\Windows\SYSTEM32\DNSAPI.dll
0x00007ff91d520000 - 0x00007ff91d532000 	D:\java\jdk1.8.0_202\jre\bin\nio.dll
0x00007ff90d600000 - 0x00007ff90d60a000 	C:\Users\longs\AppData\Local\Temp\jansi-1.17.1-6076285170860586531.dll
0x00007ff90bc90000 - 0x00007ff90bc9a000 	C:\Users\longs\AppData\Local\Temp\jansi-1.17.1-8781489571708116902.dll

VM Arguments:
jvm_args: -Dmaven.multiModuleProjectDirectory=D:\JavaObject\hardwaredata -Dmaven.home=D:\java\apache-maven-3.6.1 -Dclassworlds.conf=D:\java\apache-maven-3.6.1\bin\m2.conf -javaagent:D:\Software\IntelliJ IDEA 2019.1.3\lib\idea_rt.jar=63259:D:\Software\IntelliJ IDEA 2019.1.3\bin -Dfile.encoding=UTF-8 
java_command: org.codehaus.classworlds.Launcher -Didea.version2019.1.3 -s D:\java\apache-maven-3.6.1\conf\settings.xml -Dmaven.repo.local=D:\java\repository install
java_class_path (initial): D:\java\apache-maven-3.6.1\boot\plexus-classworlds-2.6.0.jar;D:\Software\IntelliJ IDEA 2019.1.3\lib\idea_rt.jar
Launcher Type: SUN_STANDARD

Environment Variables:
JAVA_HOME=D:\java\jdk1.8.0_202
CLASSPATH=.;D:\java\jdk1.8.0_202\lib;D:\java\jdk1.8.0_202\lib\dt.jar;D:\java\jdk1.8.0_202\lib\tools.jar
PATH=C:\Program Files (x86)\Common Files\Oracle\Java\javapath;C:\Windows\system32;C:\Windows;C:\Windows\System32\Wbem;C:\Windows\System32\WindowsPowerShell\v1.0\;C:\Windows\System32\OpenSSH\;C:\Program Files (x86)\NVIDIA Corporation\PhysX\Common;C:\Program Files\NVIDIA Corporation\NVIDIA NvDLISR;C:\Program Files\Intel\WiFi\bin\;C:\Program Files\Common Files\Intel\WirelessCommon\;C:\Program Files\dotnet\;C:\Program Files\Microsoft SQL Server\130\Tools\Binn\;C:\Program Files\Common Files\Autodesk Shared\;C:\Program Files (x86)\Autodesk\Backburner\;D:\java\jdk1.8.0_202\bin;D:\java\jdk1.8.0_202\jre\bin;D:\Program Files\TortoiseSVN\bin;D:\Software\MySQL\mysql-5.7.27-winx64\bin;D:\java\apache-maven-3.6.1\bin;C:\Users\longs\AppData\Local\Microsoft\WindowsApps;;D:\Software\Microsoft VS Code\Microsoft VS Code\bin;D:\Software\IntelliJ IDEA 2019.1.3\bin;
USERNAME=longs
OS=Windows_NT
PROCESSOR_IDENTIFIER=Intel64 Family 6 Model 158 Stepping 13, GenuineIntel



---------------  S Y S T E M  ---------------

OS: Windows 10.0 , 64 bit Build 18362 (10.0.18362.86)

CPU:total 6 (initial active 6) (6 cores per cpu, 1 threads per core) family 6 model 158 stepping 13, cmov, cx8, fxsr, mmx, sse, sse2, sse3, ssse3, sse4.1, sse4.2, popcnt, avx, avx2, aes, clmul, erms, 3dnowpref, lzcnt, tsc, tscinvbit, bmi1, bmi2, adx

Memory: 4k page, physical 8293768k(518996k free), swap 21400964k(4132k free)

vm_info: Java HotSpot(TM) 64-Bit Server VM (25.202-b08) for windows-amd64 JRE (1.8.0_202-b08), built on Dec 15 2018 19:54:30 by "java_re" with MS VC++ 10.0 (VS2010)

time: Sat Aug 24 16:50:00 2019
timezone: 中国标准时间
elapsed time: 3 seconds (0d 0h 0m 3s)

